<?xml version="1.0" encoding="UTF-8"?>
<!-- Generated by org.testng.reporters.JUnitXMLReporter -->
<testsuite ignored="0" hostname="LAPTOP-PPEER480" failures="0" tests="2" name="Test" time="33.755" errors="0" timestamp="2021-07-03T09:23:05 EDT">
  <testcase classname="com.PRregressionSuite.TestScripts_PR_Regression" name="loginValidation" time="17.371"/>
  <testcase classname="com.PRregressionSuite.TestScripts_PR_Regression" name="makeInOfficeAppointmentValidation" time="8.156"/>
</testsuite> <!-- Test -->
