<?xml version="1.0" encoding="UTF-8"?>
<testng-results ignored="0" total="1" passed="1" failed="0" skipped="0">
  <reporter-output>
  </reporter-output>
  <suite started-at="2021-07-24T11:13:55 EDT" name="Surefire suite" finished-at="2021-07-24T11:14:23 EDT" duration-ms="28177">
    <groups>
    </groups>
    <test started-at="2021-07-24T11:13:55 EDT" name="Surefire test" finished-at="2021-07-24T11:14:23 EDT" duration-ms="28177">
      <class name="com.PRregressionSuite.TestScripts_PR_Regression">
        <test-method is-config="true" signature="setUpSuite()[pri:0, instance:com.PRregressionSuite.TestScripts_PR_Regression@2d3379b4]" started-at="2021-07-24T11:13:55 EDT" name="setUpSuite" finished-at="2021-07-24T11:13:55 EDT" duration-ms="17" status="PASS">
          <reporter-output>
          </reporter-output>
        </test-method> <!-- setUpSuite -->
        <test-method is-config="true" signature="StartBrowser()[pri:0, instance:com.PRregressionSuite.TestScripts_PR_Regression@2d3379b4]" started-at="2021-07-24T11:13:55 EDT" name="StartBrowser" finished-at="2021-07-24T11:14:01 EDT" duration-ms="6211" status="PASS">
          <reporter-output>
          </reporter-output>
        </test-method> <!-- StartBrowser -->
        <test-method signature="loginValidation(java.lang.String, java.lang.String)[pri:0, instance:com.PRregressionSuite.TestScripts_PR_Regression@2d3379b4]" started-at="2021-07-24T11:14:05 EDT" name="loginValidation" data-provider="getUserLogin" finished-at="2021-07-24T11:14:22 EDT" duration-ms="16874" status="PASS">
          <params>
            <param index="0">
              <value>
                <![CDATA[akhtersalma68@gmail.com]]>
              </value>
            </param>
            <param index="1">
              <value>
                <![CDATA[SanjidHasan04$]]>
              </value>
            </param>
          </params>
          <reporter-output>
          </reporter-output>
        </test-method> <!-- loginValidation -->
        <test-method is-config="true" signature="tearDownMethod(org.testng.ITestResult)[pri:0, instance:com.PRregressionSuite.TestScripts_PR_Regression@2d3379b4]" started-at="2021-07-24T11:14:22 EDT" name="tearDownMethod" finished-at="2021-07-24T11:14:22 EDT" duration-ms="0" status="PASS">
          <params>
            <param index="0">
              <value>
                <![CDATA[[TestResult name=loginValidation status=SUCCESS method=TestScripts_PR_Regression.loginValidation(java.lang.String, java.lang.String)[pri:0, instance:com.PRregressionSuite.TestScripts_PR_Regression@2d3379b4] output={null}]]]>
              </value>
            </param>
          </params>
          <reporter-output>
          </reporter-output>
        </test-method> <!-- tearDownMethod -->
        <test-method is-config="true" signature="CloseBrowser()[pri:0, instance:com.PRregressionSuite.TestScripts_PR_Regression@2d3379b4]" started-at="2021-07-24T11:14:22 EDT" name="CloseBrowser" finished-at="2021-07-24T11:14:23 EDT" duration-ms="890" status="PASS">
          <reporter-output>
          </reporter-output>
        </test-method> <!-- CloseBrowser -->
      </class> <!-- com.PRregressionSuite.TestScripts_PR_Regression -->
    </test> <!-- Surefire test -->
  </suite> <!-- Surefire suite -->
</testng-results>
