<?xml version="1.0" encoding="UTF-8"?>
<testng-results ignored="0" total="1" passed="1" failed="0" skipped="0">
  <reporter-output>
  </reporter-output>
  <suite started-at="2023-02-25T11:13:11 EST" name="Default suite" finished-at="2023-02-25T11:14:02 EST" duration-ms="50952">
    <groups>
    </groups>
    <test started-at="2023-02-25T11:13:11 EST" name="Default test" finished-at="2023-02-25T11:14:02 EST" duration-ms="50952">
      <class name="org.mma.mercury.tours.regression.suite.MercuryToursRegressionSuite">
        <test-method is-config="true" signature="startBrowser()[pri:0, instance:org.mma.mercury.tours.regression.suite.MercuryToursRegressionSuite@1af2d44a]" started-at="2023-02-25T11:13:11 EST" name="startBrowser" finished-at="2023-02-25T11:13:23 EST" duration-ms="12147" status="PASS">
          <reporter-output>
          </reporter-output>
        </test-method> <!-- startBrowser -->
        <test-method signature="mercuryToursRegisterPageValidation(java.lang.String,java.lang.String,java.lang.String,java.lang.String,java.lang.String,java.lang.String,java.lang.String,java.lang.String,java.lang.String,java.lang.String,java.lang.String,java.lang.String)[pri:0, instance:org.mma.mercury.tours.regression.suite.MercuryToursRegressionSuite@1af2d44a]" started-at="2023-02-25T11:13:26 EST" name="mercuryToursRegisterPageValidation" data-provider="getRegisterPage" finished-at="2023-02-25T11:13:58 EST" duration-ms="31813" status="PASS">
          <params>
            <param index="0">
              <value>
                <![CDATA[Jojo]]>
              </value>
            </param>
            <param index="1">
              <value>
                <![CDATA[Bean]]>
              </value>
            </param>
            <param index="2">
              <value>
                <![CDATA[(777)666-5555]]>
              </value>
            </param>
            <param index="3">
              <value>
                <![CDATA[jojobean@gmail.com]]>
              </value>
            </param>
            <param index="4">
              <value>
                <![CDATA[123, Main St]]>
              </value>
            </param>
            <param index="5">
              <value>
                <![CDATA[Baltimore]]>
              </value>
            </param>
            <param index="6">
              <value>
                <![CDATA[MD]]>
              </value>
            </param>
            <param index="7">
              <value>
                <![CDATA[21223.0]]>
              </value>
            </param>
            <param index="8">
              <value>
                <![CDATA[UNITED STATES]]>
              </value>
            </param>
            <param index="9">
              <value>
                <![CDATA[jojobean]]>
              </value>
            </param>
            <param index="10">
              <value>
                <![CDATA[Pass123]]>
              </value>
            </param>
            <param index="11">
              <value>
                <![CDATA[Pass123]]>
              </value>
            </param>
          </params>
          <reporter-output>
          </reporter-output>
        </test-method> <!-- mercuryToursRegisterPageValidation -->
        <test-method is-config="true" signature="closeBrowser()[pri:0, instance:org.mma.mercury.tours.regression.suite.MercuryToursRegressionSuite@1af2d44a]" started-at="2023-02-25T11:13:58 EST" name="closeBrowser" finished-at="2023-02-25T11:14:02 EST" duration-ms="3239" status="PASS">
          <reporter-output>
          </reporter-output>
        </test-method> <!-- closeBrowser -->
      </class> <!-- org.mma.mercury.tours.regression.suite.MercuryToursRegressionSuite -->
    </test> <!-- Default test -->
  </suite> <!-- Default suite -->
</testng-results>
