<?xml version="1.0" encoding="UTF-8"?>
<testng-results ignored="0" total="1" passed="1" failed="0" skipped="0">
  <reporter-output>
  </reporter-output>
  <suite started-at="2021-09-04T12:01:11 EDT" name="Default suite" finished-at="2021-09-04T12:01:53 EDT" duration-ms="42535">
    <groups>
    </groups>
    <test started-at="2021-09-04T12:01:11 EDT" name="Default test" finished-at="2021-09-04T12:01:53 EDT" duration-ms="42535">
      <class name="com.app.newtours.regression.TestNewToursApp">
        <test-method signature="loginNewTours()[pri:0, instance:com.app.newtours.regression.TestNewToursApp@3c947bc5]" started-at="2021-09-04T12:01:11 EDT" name="loginNewTours" finished-at="2021-09-04T12:01:53 EDT" duration-ms="42489" status="PASS">
          <reporter-output>
          </reporter-output>
        </test-method> <!-- loginNewTours -->
      </class> <!-- com.app.newtours.regression.TestNewToursApp -->
    </test> <!-- Default test -->
  </suite> <!-- Default suite -->
</testng-results>
